<?xml version="1.0" encoding="UTF-8"?>
<!-- Generated by org.testng.reporters.JUnitReportReporter -->
<testsuite skipped="0" hostname="DESKTOP-9JQAS72" name="practice.AppiumFrameWork.ApiDemoTest" tests="1" failures="0" timestamp="21 Jun 2020 23:09:53 GMT" time="23.715" errors="0">
  <testcase name="ApiTest" time="23.715" classname="practice.AppiumFrameWork.ApiDemoTest"/>
</testsuite> <!-- practice.AppiumFrameWork.ApiDemoTest -->
