<?xml version="1.0" encoding="UTF-8"?>
<!-- Generated by org.testng.reporters.JUnitReportReporter -->
<testsuite skipped="0" hostname="DESKTOP-9JQAS72" name="practice.AppiumFrameWork.ApiDemoTest" tests="1" failures="0" timestamp="21 Jun 2020 21:58:22 GMT" time="148.410" errors="0">
  <testcase name="ApiTest" time="148.410" classname="practice.AppiumFrameWork.ApiDemoTest"/>
</testsuite> <!-- practice.AppiumFrameWork.ApiDemoTest -->
